<?xml version="1.0" encoding="UTF-8"?>
<!-- Generated by org.testng.reporters.JUnitReportReporter -->
<testsuite hostname="DESKTOP-6J4CG8R" failures="0" tests="2" name="Prudvi.Pageodbj.Alerts" time="54.284" errors="0" timestamp="2025-09-01T21:21:43 IST" skipped="0">
  <testcase classname="Prudvi.Pageodbj.Alerts" name="AlertChecks" time="39.036"/>
  <testcase classname="Prudvi.Pageodbj.Alerts" name="AlertDismiss" time="15.248"/>
</testsuite> <!-- Prudvi.Pageodbj.Alerts -->
