<?xml version="1.0" encoding="UTF-8"?>
<!-- Generated by org.testng.reporters.JUnitReportReporter -->
<testsuite hostname="DESKTOP-6J4CG8R" failures="0" tests="3" name="Cucumber.TestRunner" time="35.143" errors="0" timestamp="2025-09-02T01:30:52 IST" skipped="0">
  <testcase classname="Cucumber.TestRunner" name="runScenario" time="10.824"/>
  <testcase classname="Cucumber.TestRunner" name="runScenario" time="12.374"/>
  <testcase classname="Cucumber.TestRunner" name="runScenario" time="11.945"/>
</testsuite> <!-- Cucumber.TestRunner -->
