<?xml version="1.0" encoding="UTF-8"?>
<!-- Generated by org.testng.reporters.JUnitReportReporter -->
<testsuite hostname="DESKTOP-6J4CG8R" failures="0" tests="3" name="Prudvi.Pageodbj.FrameHandle" time="133.798" errors="0" timestamp="2025-09-03T00:44:17 IST" skipped="0">
  <testcase classname="Prudvi.Pageodbj.FrameHandle" name="framesTwoOperation" time="30.757"/>
  <testcase classname="Prudvi.Pageodbj.FrameHandle" name="framesOneOperation" time="34.072"/>
  <testcase classname="Prudvi.Pageodbj.FrameHandle" name="framesThreeOperation" time="68.969"/>
</testsuite> <!-- Prudvi.Pageodbj.FrameHandle -->
