<?xml version="1.0" encoding="UTF-8"?>
<!-- Generated by org.testng.reporters.JUnitReportReporter -->
<testsuite hostname="DESKTOP-6J4CG8R" failures="0" tests="1" name="Prudvi.Pageodbj.ExtendReport" time="13.614" errors="0" timestamp="2025-08-31T13:02:38 IST" skipped="0">
  <testcase classname="Prudvi.Pageodbj.ExtendReport" name="Error" time="13.614"/>
</testsuite> <!-- Prudvi.Pageodbj.ExtendReport -->
